<?xml version="1.0" encoding="UTF-8"?>
<!-- Generated by org.testng.reporters.JUnitReportReporter -->
<testsuite hostname="INFOSEUM33" failures="0" tests="2" name="main.BaseTest" time="16.281" errors="0" timestamp="2023-09-14T17:37:00 GMT-04:00" skipped="0">
  <testcase classname="main.BaseTest" name="tearDown" time="0.733"/>
  <testcase classname="main.BaseTest" name="launchBrowser" time="15.548"/>
</testsuite> <!-- main.BaseTest -->
