<?xml version="1.0" encoding="UTF-8"?>
<!-- Generated by org.testng.reporters.JUnitReportReporter -->
<testsuite hostname="INFOSEUM33" failures="0" tests="4" name="test.LoginPageTest" time="9.915" errors="0" timestamp="2023-09-15T18:05:45 GMT-04:00" skipped="0">
  <testcase classname="test.LoginPageTest" name="validateUrlOfPage" time="0.018">
    <system-out>
      <![CDATA[Url is matching and Test Case Pass]]>
    </system-out>
  </testcase> <!-- validateUrlOfPage -->
  <testcase classname="test.LoginPageTest" name="validateTitleOfPage" time="0.011">
    <system-out>
      <![CDATA[Title is matching and Test case pass]]>
    </system-out>
  </testcase> <!-- validateTitleOfPage -->
  <testcase classname="test.LoginPageTest" name="validateLoginWithPositiveData" time="5.734">
    <system-out>
      <![CDATA[Title is Matching and Test case pass]]>
    </system-out>
  </testcase> <!-- validateLoginWithPositiveData -->
  <testcase classname="test.LoginPageTest" name="validateLoginWithNegativeData" time="4.152">
    <system-out>
      <![CDATA[Error msg display test case pass ]]>
    </system-out>
  </testcase> <!-- validateLoginWithNegativeData -->
  <system-out>
    <![CDATA[Url is matching and Test Case Pass
Title is matching and Test case pass
Title is Matching and Test case pass
Error msg display test case pass ]]>
  </system-out>
</testsuite> <!-- test.LoginPageTest -->
